<?xml version="1.0" encoding="UTF-8"?>
<testsuite name="vn.codegym.ApplicationTests" tests="1" skipped="0" failures="0" errors="0" timestamp="2024-04-10T12:42:46" hostname="DESKTOP-L9H3QN0" time="1.196">
  <properties/>
  <testcase name="contextLoads()" classname="vn.codegym.ApplicationTests" time="1.196"/>
  <system-out><![CDATA[19:42:32.667 [Test worker] INFO org.springframework.test.context.support.AnnotationConfigContextLoaderUtils -- Could not detect default configuration classes for test class [vn.codegym.ApplicationTests]: ApplicationTests does not declare any static, non-private, non-final, nested classes annotated with @Configuration.
19:42:32.907 [Test worker] INFO org.springframework.boot.test.context.SpringBootTestContextBootstrapper -- Found @SpringBootConfiguration vn.codegym.Application for test class vn.codegym.ApplicationTests

  .   ____          _            __ _ _
 /\\ / ___'_ __ _ _(_)_ __  __ _ \ \ \ \
( ( )\___ | '_ | '_| | '_ \/ _` | \ \ \ \
 \\/  ___)| |_)| | | | | || (_| |  ) ) ) )
  '  |____| .__|_| |_|_| |_\__, | / / / /
 =========|_|==============|___/=/_/_/_/
 :: Spring Boot ::                (v3.2.4)

2024-04-10T19:42:34.013+07:00  INFO 26112 --- [    Test worker] vn.codegym.ApplicationTests              : Starting ApplicationTests using Java 17.0.9 with PID 26112 (started by caube in D:\SCM\codegym\class\2023\C1123G1-JV101\Module4\SourceDemo\SpringDataRepository)
2024-04-10T19:42:34.017+07:00  INFO 26112 --- [    Test worker] vn.codegym.ApplicationTests              : No active profile set, falling back to 1 default profile: "default"
2024-04-10T19:42:35.997+07:00  INFO 26112 --- [    Test worker] .s.d.r.c.RepositoryConfigurationDelegate : Bootstrapping Spring Data JPA repositories in DEFAULT mode.
2024-04-10T19:42:36.167+07:00  INFO 26112 --- [    Test worker] .s.d.r.c.RepositoryConfigurationDelegate : Finished Spring Data repository scanning in 145 ms. Found 3 JPA repository interfaces.
2024-04-10T19:42:37.812+07:00  INFO 26112 --- [    Test worker] o.hibernate.jpa.internal.util.LogHelper  : HHH000204: Processing PersistenceUnitInfo [name: default]
2024-04-10T19:42:38.205+07:00  INFO 26112 --- [    Test worker] org.hibernate.Version                    : HHH000412: Hibernate ORM core version 6.4.4.Final
2024-04-10T19:42:38.397+07:00  INFO 26112 --- [    Test worker] o.h.c.internal.RegionFactoryInitiator    : HHH000026: Second-level cache disabled
2024-04-10T19:42:39.487+07:00  INFO 26112 --- [    Test worker] o.s.o.j.p.SpringPersistenceUnitInfo      : No LoadTimeWeaver setup: ignoring JPA class transformer
2024-04-10T19:42:39.565+07:00  INFO 26112 --- [    Test worker] com.zaxxer.hikari.HikariDataSource       : HikariPool-1 - Starting...
2024-04-10T19:42:40.551+07:00  INFO 26112 --- [    Test worker] com.zaxxer.hikari.pool.HikariPool        : HikariPool-1 - Added connection com.mysql.cj.jdbc.ConnectionImpl@79d4ff58
2024-04-10T19:42:40.560+07:00  INFO 26112 --- [    Test worker] com.zaxxer.hikari.HikariDataSource       : HikariPool-1 - Start completed.
2024-04-10T19:42:43.534+07:00  INFO 26112 --- [    Test worker] o.h.e.t.j.p.i.JtaPlatformInitiator       : HHH000489: No JTA platform available (set 'hibernate.transaction.jta.platform' to enable JTA platform integration)
2024-04-10T19:42:43.734+07:00  INFO 26112 --- [    Test worker] j.LocalContainerEntityManagerFactoryBean : Initialized JPA EntityManagerFactory for persistence unit 'default'
2024-04-10T19:42:44.614+07:00  INFO 26112 --- [    Test worker] o.s.d.j.r.query.QueryEnhancerFactory     : Hibernate is in classpath; If applicable, HQL parser will be used.
2024-04-10T19:42:45.173+07:00  WARN 26112 --- [    Test worker] JpaBaseConfiguration$JpaWebConfiguration : spring.jpa.open-in-view is enabled by default. Therefore, database queries may be performed during view rendering. Explicitly configure spring.jpa.open-in-view to disable this warning
2024-04-10T19:42:46.282+07:00  INFO 26112 --- [    Test worker] vn.codegym.ApplicationTests              : Started ApplicationTests in 12.879 seconds (process running for 16.21)
]]></system-out>
  <system-err><![CDATA[]]></system-err>
</testsuite>
